<?xml version="1.0" encoding="utf-8"?><testsuites name="pytest tests"><testsuite name="pytest" errors="0" failures="0" skipped="0" tests="192" time="380.399" timestamp="2026-01-21T02:56:14.132388+00:00" hostname="lenovo"><properties>
[...]
</properties><testcase classname="src.apps.bikers.tests.test_biker_detail_endpoints.TestBikerDetailEndpoints" name="test_anonymous_user_cannot_access" time="2.182" /><testcase classname="src.apps.bikers.tests.test_biker_detail_endpoints.TestBikerDetailEndpoints" name="test_anonymous_user_cannot_delete" time="0.744" /><testcase classname="src.apps.bikers.tests.test_biker_detail_endpoints.TestBikerDetailEndpoints" name="test_anonymous_user_cannot_update" time="1.484" /><testcase classname="src.apps.bikers.tests.test_biker_detail_endpoints.TestBikerDetailEndpoints" name="test_delete_biker_detail_success" time="1.551" /><testcase classname="src.apps.bikers.tests.test_biker_detail_endpoints.TestBikerDetailEndpoints" name="test_delete_biker_without_permission_is_denied" time="1.841" /><testcase classname="src.apps.bikers.tests.test_biker_detail_endpoints.TestBikerDetailEndpoints" name="test_get_biker_detail_success" time="1.692" /><testcase classname="src.apps.bikers.tests.test_biker_detail_endpoints.TestBikerDetailEndpoints" name="test_get_biker_without_permission_is_denied" time="1.645" /><testcase classname="src.apps.bikers.tests.test_biker_detail_endpoints.TestBikerDetailEndpoints" name="test_update_biker_detail_success" time="2.251" /><testcase classname="src.apps.bikers.tests.test_biker_detail_endpoints.TestBikerDetailEndpoints" name="test_update_biker_without_permission_is_denied" time="2.310" /><testcase classname="src.apps.bikers.tests.test_biker_list_endpoints.TestBikerListEndpoints" name="test_anonymous_user_cannot_access" time="0.023" /><testcase classname="src.apps.bikers.tests.test_biker_list_endpoints.TestBikerListEndpoints" name="test_create_biker_success" time="1.483" /><testcase classname="src.apps.bikers.tests.test_biker_list_endpoints.TestBikerListEndpoints" name="test_user_with_invalid_role_is_denied" time="0.772" /><testcase classname="src.apps.bikers.tests.test_biker_list_endpoints.TestBikerListEndpoints" name="test_user_without_view_permission_is_denied" time="0.773" /><testcase classname="src.apps.bikers.tests.test_vehicle_detail_endpoints.TestVehicleDetailEndpoints" name="test_anonymous_user_cannot_access" time="0.768" /><testcase classname="src.apps.bikers.tests.test_vehicle_detail_endpoints.TestVehicleDetailEndpoints" name="test_anonymous_user_cannot_delete" time="0.770" /><testcase classname="src.apps.bikers.tests.test_vehicle_detail_endpoints.TestVehicleDetailEndpoints" name="test_anonymous_user_cannot_update" time="1.503" /><testcase classname="src.apps.bikers.tests.test_vehicle_detail_endpoints.TestVehicleDetailEndpoints" name="test_delete_vehicle_detail_success" time="1.505" /><testcase classname="src.apps.bikers.tests.test_vehicle_detail_endpoints.TestVehicleDetailEndpoints" name="test_delete_vehicle_without_permission_is_denied" time="1.566" /><testcase classname="src.apps.bikers.tests.test_vehicle_detail_endpoints.TestVehicleDetailEndpoints" name="test_get_vehicle_detail_success" time="1.537" /><testcase classname="src.apps.bikers.tests.test_vehicle_detail_endpoints.TestVehicleDetailEndpoints" name="test_get_vehicle_without_permission_is_denied" time="1.507" /><testcase classname="src.apps.bikers.tests.test_vehicle_detail_endpoints.TestVehicleDetailEndpoints" name="test_update_vehicle_detail_success" time="2.324" /><testcase classname="src.apps.bikers.tests.test_vehicle_detail_endpoints.TestVehicleDetailEndpoints" name="test_update_vehicle_without_permission_is_denied" time="2.594" /><testcase classname="src.apps.bikers.tests.test_vehicle_list_endpoints.TestVehicleListEndpoints" name="test_anonymous_user_cannot_access" time="0.036" /><testcase classname="src.apps.bikers.tests.test_vehicle_list_endpoints.TestVehicleListEndpoints" name="test_create_vehicle_success" time="1.796" /><testcase classname="src.apps.bikers.tests.test_vehicle_list_endpoints.TestVehicleListEndpoints" name="test_user_with_invalid_role_is_denied" time="0.969" /><testcase classname="src.apps.bikers.tests.test_vehicle_list_endpoints.TestVehicleListEndpoints" name="test_user_without_view_permission_is_denied" time="0.824" /><testcase classname="src.apps.notifications.tests.test_notification_detail_endpoints.TestNotificationDetailEndpoints" name="test_anonymous_user_cannot_access" time="3.232" /><testcase classname="src.apps.notifications.tests.test_notification_detail_endpoints.TestNotificationDetailEndpoints" name="test_anonymous_user_cannot_delete" time="3.109" /><testcase classname="src.apps.notifications.tests.test_notification_detail_endpoints.TestNotificationDetailEndpoints" name="test_anonymous_user_cannot_update" time="3.183" /><testcase classname="src.apps.notifications.tests.test_notification_detail_endpoints.TestNotificationDetailEndpoints" name="test_delete_notification_detail_success" time="4.755" /><testcase classname="src.apps.notifications.tests.test_notification_detail_endpoints.TestNotificationDetailEndpoints" name="test_delete_notification_without_permission_is_denied" time="3.968" /><testcase classname="src.apps.notifications.tests.test_notification_detail_endpoints.TestNotificationDetailEndpoints" name="test_get_notification_detail_success" time="3.882" /><testcase classname="src.apps.notifications.tests.test_notification_detail_endpoints.TestNotificationDetailEndpoints" name="test_get_notification_without_permission_is_denied" time="3.916" /><testcase classname="src.apps.notifications.tests.test_notification_detail_endpoints.TestNotificationDetailEndpoints" name="test_update_notification_detail_success" time="4.742" /><testcase classname="src.apps.notifications.tests.test_notification_detail_endpoints.TestNotificationDetailEndpoints" name="test_update_notification_without_permission_is_denied" time="4.939" /><testcase classname="src.apps.notifications.tests.test_notification_list_endpoints.TestPaymentListEndpoints" name="test_anonymous_user_cannot_access" time="0.028" /><testcase classname="src.apps.notifications.tests.test_notification_list_endpoints.TestPaymentListEndpoints" name="test_create_notification_success" time="2.424" /><testcase classname="src.apps.notifications.tests.test_notification_list_endpoints.TestPaymentListEndpoints" name="test_user_with_invalid_role_is_denied" time="0.753" /><testcase classname="src.apps.notifications.tests.test_notification_list_endpoints.TestPaymentListEndpoints" name="test_user_without_view_permission_is_denied" time="0.799" /><testcase classname="src.apps.orders.tests.test_location_detail_endpoints.TestLocationDetailEndpoints" name="test_anonymous_user_cannot_access" time="0.026" /><testcase classname="src.apps.orders.tests.test_location_detail_endpoints.TestLocationDetailEndpoints" name="test_anonymous_user_cannot_delete" time="0.006" /><testcase classname="src.apps.orders.tests.test_location_detail_endpoints.TestLocationDetailEndpoints" name="test_anonymous_user_cannot_update" time="0.005" /><testcase classname="src.apps.orders.tests.test_location_detail_endpoints.TestLocationDetailEndpoints" name="test_delete_location_detail_success" time="0.824" /><testcase classname="src.apps.orders.tests.test_location_detail_endpoints.TestLocationDetailEndpoints" name="test_delete_location_without_permission_is_denied" time="0.972" /><testcase classname="src.apps.orders.tests.test_location_detail_endpoints.TestLocationDetailEndpoints" name="test_get_location_detail_success" time="1.049" /><testcase classname="src.apps.orders.tests.test_location_detail_endpoints.TestLocationDetailEndpoints" name="test_get_location_without_permission_is_denied" time="0.863" /><testcase classname="src.apps.orders.tests.test_location_detail_endpoints.TestLocationDetailEndpoints" name="test_update_location_detail_success" time="0.803" /><testcase classname="src.apps.orders.tests.test_location_detail_endpoints.TestLocationDetailEndpoints" name="test_update_location_without_permission_is_denied" time="0.989" /><testcase classname="src.apps.orders.tests.test_location_list_endpoints.TestLocationListEndpoints" name="test_anonymous_user_cannot_access" time="0.025" /><testcase classname="src.apps.orders.tests.test_location_list_endpoints.TestLocationListEndpoints" name="test_create_location_success" time="0.989" /><testcase classname="src.apps.orders.tests.test_location_list_endpoints.TestLocationListEndpoints" name="test_user_with_invalid_role_is_denied" time="0.994" /><testcase classname="src.apps.orders.tests.test_location_list_endpoints.TestLocationListEndpoints" name="test_user_without_view_permission_is_denied" time="0.808" /><testcase classname="src.apps.orders.tests.test_orderitem_detail_endpoints.TestOrderItemDetailEndpoints" name="test_anonymous_user_cannot_access" time="0.810" /><testcase classname="src.apps.orders.tests.test_orderitem_detail_endpoints.TestOrderItemDetailEndpoints" name="test_anonymous_user_cannot_delete" time="0.830" /><testcase classname="src.apps.orders.tests.test_orderitem_detail_endpoints.TestOrderItemDetailEndpoints" name="test_anonymous_user_cannot_update" time="1.564" /><testcase classname="src.apps.orders.tests.test_orderitem_detail_endpoints.TestOrderItemDetailEndpoints" name="test_delete_orderitem_detail_success" time="1.559" /><testcase classname="src.apps.orders.tests.test_orderitem_detail_endpoints.TestOrderItemDetailEndpoints" name="test_delete_orderitem_without_permission_is_denied" time="1.538" /><testcase classname="src.apps.orders.tests.test_orderitem_detail_endpoints.TestOrderItemDetailEndpoints" name="test_get_orderitem_detail_success" time="1.543" /><testcase classname="src.apps.orders.tests.test_orderitem_detail_endpoints.TestOrderItemDetailEndpoints" name="test_get_orderitem_without_permission_is_denied" time="1.595" /><testcase classname="src.apps.orders.tests.test_orderitem_detail_endpoints.TestOrderItemDetailEndpoints" name="test_update_orderitem_detail_success" time="2.573" /><testcase classname="src.apps.orders.tests.test_orderitem_detail_endpoints.TestOrderItemDetailEndpoints" name="test_update_orderitem_without_permission_is_denied" time="3.087" /><testcase classname="src.apps.orders.tests.test_orderitem_list_endpoints.TestOrderItemListEndpoints" name="test_anonymous_user_cannot_access" time="0.023" /><testcase classname="src.apps.orders.tests.test_orderitem_list_endpoints.TestOrderItemListEndpoints" name="test_create_orderitem_success" time="1.498" /><testcase classname="src.apps.orders.tests.test_orderitem_list_endpoints.TestOrderItemListEndpoints" name="test_user_with_invalid_role_is_denied" time="0.747" /><testcase classname="src.apps.orders.tests.test_orderitem_list_endpoints.TestOrderItemListEndpoints" name="test_user_without_view_permission_is_denied" time="0.747" /><testcase classname="src.apps.orders.tests.test_orders_detail_endpoints.TestOrderDetailEndpoints" name="test_anonymous_user_cannot_access" time="3.072" /><testcase classname="src.apps.orders.tests.test_orders_detail_endpoints.TestOrderDetailEndpoints" name="test_anonymous_user_cannot_delete" time="2.993" /><testcase classname="src.apps.orders.tests.test_orders_detail_endpoints.TestOrderDetailEndpoints" name="test_anonymous_user_cannot_update" time="3.004" /><testcase classname="src.apps.orders.tests.test_orders_detail_endpoints.TestOrderDetailEndpoints" name="test_delete_order_detail_success" time="3.759" /><testcase classname="src.apps.orders.tests.test_orders_detail_endpoints.TestOrderDetailEndpoints" name="test_delete_order_without_permission_is_denied" time="3.960" /><testcase classname="src.apps.orders.tests.test_orders_detail_endpoints.TestOrderDetailEndpoints" name="test_get_order_detail_success" time="4.013" /><testcase classname="src.apps.orders.tests.test_orders_detail_endpoints.TestOrderDetailEndpoints" name="test_get_order_without_permission_is_denied" time="3.870" /><testcase classname="src.apps.orders.tests.test_orders_detail_endpoints.TestOrderDetailEndpoints" name="test_update_order_detail_success" time="5.538" /><testcase classname="src.apps.orders.tests.test_orders_detail_endpoints.TestOrderDetailEndpoints" name="test_update_order_without_permission_is_denied" time="4.551" /><testcase classname="src.apps.orders.tests.test_orders_list_endpoints.TestOrderListEndpoints" name="test_anonymous_user_cannot_access" time="0.024" /><testcase classname="src.apps.orders.tests.test_orders_list_endpoints.TestOrderListEndpoints" name="test_create_order_success" time="2.315" /><testcase classname="src.apps.orders.tests.test_orders_list_endpoints.TestOrderListEndpoints" name="test_user_with_invalid_role_is_denied" time="0.767" /><testcase classname="src.apps.orders.tests.test_orders_list_endpoints.TestOrderListEndpoints" name="test_user_without_view_permission_is_denied" time="0.805" /><testcase classname="src.apps.payments.tests.test_payment_detail_endpoints.TestPaymentDetailEndpoints" name="test_anonymous_user_cannot_access" time="3.071" /><testcase classname="src.apps.payments.tests.test_payment_detail_endpoints.TestPaymentDetailEndpoints" name="test_anonymous_user_cannot_delete" time="3.225" /><testcase classname="src.apps.payments.tests.test_payment_detail_endpoints.TestPaymentDetailEndpoints" name="test_anonymous_user_cannot_update" time="3.925" /><testcase classname="src.apps.payments.tests.test_payment_detail_endpoints.TestPaymentDetailEndpoints" name="test_delete_payment_detail_success" time="3.798" /><testcase classname="src.apps.payments.tests.test_payment_detail_endpoints.TestPaymentDetailEndpoints" name="test_delete_payment_without_permission_is_denied" time="3.975" /><testcase classname="src.apps.payments.tests.test_payment_detail_endpoints.TestPaymentDetailEndpoints" name="test_get_payment_detail_success" time="4.144" /><testcase classname="src.apps.payments.tests.test_payment_detail_endpoints.TestPaymentDetailEndpoints" name="test_get_payment_without_permission_is_denied" time="4.293" /><testcase classname="src.apps.payments.tests.test_payment_detail_endpoints.TestPaymentDetailEndpoints" name="test_update_payment_detail_success" time="4.550" /><testcase classname="src.apps.payments.tests.test_payment_detail_endpoints.TestPaymentDetailEndpoints" name="test_update_payment_without_permission_is_denied" time="5.947" /><testcase classname="src.apps.payments.tests.test_payment_list_endpoints.TestPaymentListEndpoints" name="test_anonymous_user_cannot_access" time="0.024" /><testcase classname="src.apps.payments.tests.test_payment_list_endpoints.TestPaymentListEndpoints" name="test_create_payment_success" time="2.578" /><testcase classname="src.apps.payments.tests.test_payment_list_endpoints.TestPaymentListEndpoints" name="test_user_with_invalid_role_is_denied" time="0.815" /><testcase classname="src.apps.payments.tests.test_payment_list_endpoints.TestPaymentListEndpoints" name="test_user_without_view_permission_is_denied" time="0.908" /><testcase classname="src.apps.users.tests.test_user_detail_endpoints.TestUserDetailEndpoints" name="test_anonymous_user_cannot_access" time="0.916" /><testcase classname="src.apps.users.tests.test_user_detail_endpoints.TestUserDetailEndpoints" name="test_anonymous_user_cannot_delete" time="0.887" /><testcase classname="src.apps.users.tests.test_user_detail_endpoints.TestUserDetailEndpoints" name="test_anonymous_user_cannot_update" time="0.979" /><testcase classname="src.apps.users.tests.test_user_detail_endpoints.TestUserDetailEndpoints" name="test_delete_user_detail_success" time="1.867" /><testcase classname="src.apps.users.tests.test_user_detail_endpoints.TestUserDetailEndpoints" name="test_delete_user_without_permission_is_denied" time="1.790" /><testcase classname="src.apps.users.tests.test_user_detail_endpoints.TestUserDetailEndpoints" name="test_get_user_detail_success" time="1.854" /><testcase classname="src.apps.users.tests.test_user_detail_endpoints.TestUserDetailEndpoints" name="test_get_user_without_permission_is_denied" time="1.713" /><testcase classname="src.apps.users.tests.test_user_detail_endpoints.TestUserDetailEndpoints" name="test_update_user_detail_success" time="1.727" /><testcase classname="src.apps.users.tests.test_user_detail_endpoints.TestUserDetailEndpoints" name="test_update_user_without_permission_is_denied" time="1.704" /><testcase classname="src.apps.users.tests.test_user_list_endpoints.TestUserListEndpoints" name="test_anonymous_user_cannot_access" time="0.024" /><testcase classname="src.apps.users.tests.test_user_list_endpoints.TestUserListEndpoints" name="test_create_user_success" time="1.835" /><testcase classname="src.apps.users.tests.test_user_list_endpoints.TestUserListEndpoints" name="test_user_with_invalid_role_is_denied" time="0.920" /><testcase classname="src.apps.users.tests.test_user_list_endpoints.TestUserListEndpoints" name="test_user_without_view_permission_is_denied" time="0.911" /><testcase classname="src.apps.vendors.tests.test_menu_detail_endpoints.TestMenuDetailEndpoints" name="test_anonymous_user_cannot_access" time="0.999" /><testcase classname="src.apps.vendors.tests.test_menu_detail_endpoints.TestMenuDetailEndpoints" name="test_anonymous_user_cannot_delete" time="0.796" /><testcase classname="src.apps.vendors.tests.test_menu_detail_endpoints.TestMenuDetailEndpoints" name="test_anonymous_user_cannot_update" time="1.579" /><testcase classname="src.apps.vendors.tests.test_menu_detail_endpoints.TestMenuDetailEndpoints" name="test_delete_menu_detail_success" time="1.575" /><testcase classname="src.apps.vendors.tests.test_menu_detail_endpoints.TestMenuDetailEndpoints" name="test_delete_menu_without_permission_is_denied" time="1.512" /><testcase classname="src.apps.vendors.tests.test_menu_detail_endpoints.TestMenuDetailEndpoints" name="test_get_menu_detail_success" time="1.518" /><testcase classname="src.apps.vendors.tests.test_menu_detail_endpoints.TestMenuDetailEndpoints" name="test_get_menu_without_permission_is_denied" time="1.526" /><testcase classname="src.apps.vendors.tests.test_menu_detail_endpoints.TestMenuDetailEndpoints" name="test_update_menu_detail_success" time="2.294" /><testcase classname="src.apps.vendors.tests.test_menu_detail_endpoints.TestMenuDetailEndpoints" name="test_update_menu_without_permission_is_denied" time="2.307" /><testcase classname="src.apps.vendors.tests.test_menu_list_endpoints.TestMenuListEndpoints" name="test_anonymous_user_cannot_access" time="0.025" /><testcase classname="src.apps.vendors.tests.test_menu_list_endpoints.TestMenuListEndpoints" name="test_create_menu_success" time="1.759" /><testcase classname="src.apps.vendors.tests.test_menu_list_endpoints.TestMenuListEndpoints" name="test_user_with_invalid_role_is_denied" time="0.847" /><testcase classname="src.apps.vendors.tests.test_menu_list_endpoints.TestMenuListEndpoints" name="test_user_without_view_permission_is_denied" time="0.800" /><testcase classname="src.apps.vendors.tests.test_vendor_detail_endpoints.TestVendorDetailEndpoints" name="test_anonymous_user_cannot_access" time="0.845" /><testcase classname="src.apps.vendors.tests.test_vendor_detail_endpoints.TestVendorDetailEndpoints" name="test_anonymous_user_cannot_delete" time="0.809" /><testcase classname="src.apps.vendors.tests.test_vendor_detail_endpoints.TestVendorDetailEndpoints" name="test_anonymous_user_cannot_update" time="1.586" /><testcase classname="src.apps.vendors.tests.test_vendor_detail_endpoints.TestVendorDetailEndpoints" name="test_delete_vendor_detail_success" time="1.994" /><testcase classname="src.apps.vendors.tests.test_vendor_detail_endpoints.TestVendorDetailEndpoints" name="test_delete_vendor_without_permission_is_denied" time="1.610" /><testcase classname="src.apps.vendors.tests.test_vendor_detail_endpoints.TestVendorDetailEndpoints" name="test_get_vendor_detail_success" time="1.599" /><testcase classname="src.apps.vendors.tests.test_vendor_detail_endpoints.TestVendorDetailEndpoints" name="test_get_vendor_without_permission_is_denied" time="1.566" /><testcase classname="src.apps.vendors.tests.test_vendor_detail_endpoints.TestVendorDetailEndpoints" name="test_update_vendor_detail_success" time="2.349" /><testcase classname="src.apps.vendors.tests.test_vendor_detail_endpoints.TestVendorDetailEndpoints" name="test_update_vendor_without_permission_is_denied" time="2.240" /><testcase classname="src.apps.vendors.tests.test_vendor_list_endpoints.TestVendorListEndpoints" name="test_anonymous_user_cannot_access" time="0.021" /><testcase classname="src.apps.vendors.tests.test_vendor_list_endpoints.TestVendorListEndpoints" name="test_create_vendor_success" time="1.509" /><testcase classname="src.apps.vendors.tests.test_vendor_list_endpoints.TestVendorListEndpoints" name="test_user_with_invalid_role_is_denied" time="0.751" /><testcase classname="src.apps.vendors.tests.test_vendor_list_endpoints.TestVendorListEndpoints" name="test_user_without_view_permission_is_denied" time="0.761" /><testcase classname="src.tests.contract.test_openapi_contract" name="test_openapi_contract[POST /auth/login/]" time="6.374" /><testcase classname="src.tests.contract.test_openapi_contract" name="test_openapi_contract[POST /auth/refresh/]" time="0.924" /><testcase classname="src.tests.contract.test_openapi_contract" name="test_openapi_contract[GET /bikers/]" time="0.812" /><testcase classname="src.tests.contract.test_openapi_contract" name="test_openapi_contract[POST /bikers/]" time="0.898" /><testcase classname="src.tests.contract.test_openapi_contract" name="test_openapi_contract[GET /bikers/detail/{id}/]" time="0.844" /><testcase classname="src.tests.contract.test_openapi_contract" name="test_openapi_contract[PUT /bikers/detail/{id}/]" time="1.000" /><testcase classname="src.tests.contract.test_openapi_contract" name="test_openapi_contract[PATCH /bikers/detail/{id}/]" time="1.016" /><testcase classname="src.tests.contract.test_openapi_contract" name="test_openapi_contract[DELETE /bikers/detail/{id}/]" time="0.810" /><testcase classname="src.tests.contract.test_openapi_contract" name="test_openapi_contract[GET /bikers/vehicles/detail/{id}/]" time="0.815" /><testcase classname="src.tests.contract.test_openapi_contract" name="test_openapi_contract[PUT /bikers/vehicles/detail/{id}/]" time="0.965" /><testcase classname="src.tests.contract.test_openapi_contract" name="test_openapi_contract[PATCH /bikers/vehicles/detail/{id}/]" time="0.871" /><testcase classname="src.tests.contract.test_openapi_contract" name="test_openapi_contract[DELETE /bikers/vehicles/detail/{id}/]" time="0.795" /><testcase classname="src.tests.contract.test_openapi_contract" name="test_openapi_contract[GET /bikers/vehicles/list/]" time="0.926" /><testcase classname="src.tests.contract.test_openapi_contract" name="test_openapi_contract[POST /bikers/vehicles/list/]" time="0.945" /><testcase classname="src.tests.contract.test_openapi_contract" name="test_openapi_contract[GET /notifications/]" time="0.843" /><testcase classname="src.tests.contract.test_openapi_contract" name="test_openapi_contract[POST /notifications/]" time="0.966" /><testcase classname="src.tests.contract.test_openapi_contract" name="test_openapi_contract[GET /notifications/detail/{id}/]" time="0.836" /><testcase classname="src.tests.contract.test_openapi_contract" name="test_openapi_contract[PUT /notifications/detail/{id}/]" time="0.870" /><testcase classname="src.tests.contract.test_openapi_contract" name="test_openapi_contract[PATCH /notifications/detail/{id}/]" time="1.013" /><testcase classname="src.tests.contract.test_openapi_contract" name="test_openapi_contract[DELETE /notifications/detail/{id}/]" time="0.820" /><testcase classname="src.tests.contract.test_openapi_contract" name="test_openapi_contract[GET /orders/]" time="0.811" /><testcase classname="src.tests.contract.test_openapi_contract" name="test_openapi_contract[POST /orders/]" time="0.848" /><testcase classname="src.tests.contract.test_openapi_contract" name="test_openapi_contract[GET /orders/detail/{id}/]" time="0.773" /><testcase classname="src.tests.contract.test_openapi_contract" name="test_openapi_contract[PUT /orders/detail/{id}/]" time="0.850" /><testcase classname="src.tests.contract.test_openapi_contract" name="test_openapi_contract[PATCH /orders/detail/{id}/]" time="0.806" /><testcase classname="src.tests.contract.test_openapi_contract" name="test_openapi_contract[DELETE /orders/detail/{id}/]" time="0.805" /><testcase classname="src.tests.contract.test_openapi_contract" name="test_openapi_contract[GET /orders/location/detail/{id}/]" time="0.784" /><testcase classname="src.tests.contract.test_openapi_contract" name="test_openapi_contract[PUT /orders/location/detail/{id}/]" time="0.884" /><testcase classname="src.tests.contract.test_openapi_contract" name="test_openapi_contract[PATCH /orders/location/detail/{id}/]" time="0.866" /><testcase classname="src.tests.contract.test_openapi_contract" name="test_openapi_contract[DELETE /orders/location/detail/{id}/]" time="0.810" /><testcase classname="src.tests.contract.test_openapi_contract" name="test_openapi_contract[GET /orders/location/list/]" time="0.882" /><testcase classname="src.tests.contract.test_openapi_contract" name="test_openapi_contract[POST /orders/location/list/]" time="0.915" /><testcase classname="src.tests.contract.test_openapi_contract" name="test_openapi_contract[GET /orders/orderitems/detail/{id}/]" time="0.838" /><testcase classname="src.tests.contract.test_openapi_contract" name="test_openapi_contract[PUT /orders/orderitems/detail/{id}/]" time="0.919" /><testcase classname="src.tests.contract.test_openapi_contract" name="test_openapi_contract[PATCH /orders/orderitems/detail/{id}/]" time="0.875" /><testcase classname="src.tests.contract.test_openapi_contract" name="test_openapi_contract[DELETE /orders/orderitems/detail/{id}/]" time="0.789" /><testcase classname="src.tests.contract.test_openapi_contract" name="test_openapi_contract[GET /orders/orderitems/list/]" time="0.782" /><testcase classname="src.tests.contract.test_openapi_contract" name="test_openapi_contract[POST /orders/orderitems/list/]" time="1.092" /><testcase classname="src.tests.contract.test_openapi_contract" name="test_openapi_contract[GET /payments/]" time="0.836" /><testcase classname="src.tests.contract.test_openapi_contract" name="test_openapi_contract[POST /payments/]" time="1.182" /><testcase classname="src.tests.contract.test_openapi_contract" name="test_openapi_contract[GET /payments/detail/{id}/]" time="0.835" /><testcase classname="src.tests.contract.test_openapi_contract" name="test_openapi_contract[PUT /payments/detail/{id}/]" time="0.891" /><testcase classname="src.tests.contract.test_openapi_contract" name="test_openapi_contract[PATCH /payments/detail/{id}/]" time="0.819" /><testcase classname="src.tests.contract.test_openapi_contract" name="test_openapi_contract[DELETE /payments/detail/{id}/]" time="0.797" /><testcase classname="src.tests.contract.test_openapi_contract" name="test_openapi_contract[GET /users/]" time="0.807" /><testcase classname="src.tests.contract.test_openapi_contract" name="test_openapi_contract[POST /users/]" time="1.212" /><testcase classname="src.tests.contract.test_openapi_contract" name="test_openapi_contract[GET /users/detail/{id}/]" time="0.811" /><testcase classname="src.tests.contract.test_openapi_contract" name="test_openapi_contract[PUT /users/detail/{id}/]" time="1.040" /><testcase classname="src.tests.contract.test_openapi_contract" name="test_openapi_contract[PATCH /users/detail/{id}/]" time="0.851" /><testcase classname="src.tests.contract.test_openapi_contract" name="test_openapi_contract[DELETE /users/detail/{id}/]" time="0.846" /><testcase classname="src.tests.contract.test_openapi_contract" name="test_openapi_contract[GET /vendors/]" time="0.862" /><testcase classname="src.tests.contract.test_openapi_contract" name="test_openapi_contract[POST /vendors/]" time="0.877" /><testcase classname="src.tests.contract.test_openapi_contract" name="test_openapi_contract[GET /vendors/detail/{id}/]" time="0.824" /><testcase classname="src.tests.contract.test_openapi_contract" name="test_openapi_contract[PUT /vendors/detail/{id}/]" time="0.956" /><testcase classname="src.tests.contract.test_openapi_contract" name="test_openapi_contract[PATCH /vendors/detail/{id}/]" time="0.839" /><testcase classname="src.tests.contract.test_openapi_contract" name="test_openapi_contract[DELETE /vendors/detail/{id}/]" time="0.777" /><testcase classname="src.tests.contract.test_openapi_contract" name="test_openapi_contract[GET /vendors/menu/detail/{id}/]" time="0.790" /><testcase classname="src.tests.contract.test_openapi_contract" name="test_openapi_contract[PUT /vendors/menu/detail/{id}/]" time="0.873" /><testcase classname="src.tests.contract.test_openapi_contract" name="test_openapi_contract[PATCH /vendors/menu/detail/{id}/]" time="0.916" /><testcase classname="src.tests.contract.test_openapi_contract" name="test_openapi_contract[DELETE /vendors/menu/detail/{id}/]" time="1.062" /><testcase classname="src.tests.contract.test_openapi_contract" name="test_openapi_contract[GET /vendors/menu/list/]" time="0.863" /><testcase classname="src.tests.contract.test_openapi_contract" name="test_openapi_contract[POST /vendors/menu/list/]" time="1.206" /></testsuite></testsuites>